#
# There is insufficient memory for the Java Runtime Environment to continue.
# Native memory allocation (malloc) failed to allocate 687696 bytes for Chunk::new
# Possible reasons:
#   The system is out of physical RAM or swap space
#   The process is running with CompressedOops enabled, and the Java Heap may be blocking the growth of the native heap
# Possible solutions:
#   Reduce memory load on the system
#   Increase physical memory or swap space
#   Check if swap backing store is full
#   Decrease Java heap size (-Xmx/-Xms)
#   Decrease number of Java threads
#   Decrease Java thread stack sizes (-Xss)
#   Set larger code cache with -XX:ReservedCodeCacheSize=
#   JVM is running with Unscaled Compressed Oops mode in which the Java heap is
#     placed in the first 4GB address space. The Java Heap base address is the
#     maximum limit for the native heap growth. Please use -XX:HeapBaseMinAddress
#     to set the Java Heap base and to place the Java Heap above 4GB virtual address.
# This output file may be truncated or incomplete.
#
#  Out of Memory Error (src/hotspot/share/memory/arena.cpp:197), pid=11468, tid=17652
#
# JRE version: OpenJDK Runtime Environment (11.0.15) (build 11.0.15+0-b2043.56-9505619)
# Java VM: OpenJDK 64-Bit Server VM (11.0.15+0-b2043.56-9505619, mixed mode, tiered, compressed oops, g1 gc, windows-amd64)
# No core dump will be written. Minidumps are not enabled by default on client versions of Windows
#

---------------  S U M M A R Y ------------

Command Line: --add-opens=java.base/java.util=ALL-UNNAMED --add-opens=java.base/java.lang=ALL-UNNAMED --add-opens=java.base/java.lang.invoke=ALL-UNNAMED --add-opens=java.base/java.util=ALL-UNNAMED --add-opens=java.prefs/java.util.prefs=ALL-UNNAMED --add-opens=java.prefs/java.util.prefs=ALL-UNNAMED --add-opens=java.base/java.nio.charset=ALL-UNNAMED --add-opens=java.base/java.net=ALL-UNNAMED --add-opens=java.base/java.util.concurrent.atomic=ALL-UNNAMED -Xmx2048m -Dfile.encoding=UTF-8 -Duser.country=FR -Duser.language=fr -Duser.variant org.gradle.launcher.daemon.bootstrap.GradleDaemon 7.5

Host: Intel(R) Core(TM) i7-8750H CPU @ 2.20GHz, 12 cores, 15G,  Windows 11 , 64 bit Build 22621 (10.0.22621.1635)
Time: Sun May 21 16:17:24 2023 Paris, Madrid (heure duild 22621 (10.0.22621.1635) elapsed time: 7.021553 seconds (0d 0h 0m 7s)

---------------  T H R E A D  ---------------

Current thread (0x0000023c6554c800):  JavaThread "C2 CompilerThread1" daemon [_thread_in_native, id=17652, stack(0x0000006262200000,0x0000006262300000)]


Current CompileTask:
C2:   7021 3687       4       org.objectweb.asm.Frame::execute (2318 bytes)

Stack: [0x0000006262200000,0x0000006262300000]
Native frames: (J=compiled Java code, j=interpreted, Vv=VM code, C=native code)
V  [jvm.dll+0x64135a]
V  [jvm.dll+0x7d39f9]
V  [jvm.dll+0x7d51b9]
V  [jvm.dll+0x7d58a3]
V  [jvm.dll+0x2691c5]
V  [jvm.dll+0xc1a5c]
V  [jvm.dll+0xc200c]
V  [jvm.dll+0x2da2c2]
V  [jvm.dll+0x54cad9]
V  [jvm.dll+0x220c9d]
V  [jvm.dll+0x223024]
V  [jvm.dll+0x220384]
V  [jvm.dll+0x19e851]
V  [jvm.dll+0x230479]
V  [jvm.dll+0x22e5ef]
V  [jvm.dll+0x794de1]
V  [jvm.dll+0x78dc24]
V  [jvm.dll+0x6400f6]
C  [ucrtbase.dll+0x29363]
C  [KERNEL32.DLL+0x126ad]
C  [ntdll.dll+0x5a9f8]


---------------  P R O C E S S  ---------------

Threads class SMR info:
_java_thread_list=0x0000023c68f240d0, length=38, elements={
0x0000023c46047800, 0x0000023c6314b800, 0x0000023c63159800, 0x0000023c631a9800,
0x0000023c631aa800, 0x0000023c631ac000, 0x0000023c631b5800, 0x0000023c631bc000,
0x0000023c631c1000, 0x0000023c6332b800, 0x0000023c6332c000, 0x0000023c6332a800,
0x0000023c63326800, 0x0000023c63329800, 0x0000023c63329000, 0x0000023c63328000,
0x0000023c6332d000, 0x0000023c63327000, 0x0000023c661fa000, 0x0000023c661fa800,
0x0000023c661fb800, 0x0000023c661f9000, 0x0000023c661f6000, 0x0000023c6554c800,
0x0000023c6631e800, 0x0000023c661fc800, 0x0000023c661f6800, 0x0000023c661f8800,
0x0000023c661fd000, 0x0000023c661f7800, 0x0000023c66203000, 0x0000023c66201000,
0x0000023c66203800, 0x0000023c661fe000, 0x0000023c66202000, 0x0000023c66204800,
0x0000023c661ff000, 0x0000023c661ff800
}

Java Threads: ( => current thread )
  0x0000023c46047800 JavaThread "main" [_thread_blocked, id=3408, stack(0x000000625f900000,0x000000625fa00000)]
  0x0000023c6314b800 JavaThread "Reference Handler" daemon [_thread_blocked, id=12508, stack(0x0000006260000000,0x0000006260100000)]
  0x0000023c63159800 JavaThread "Finalizer" daemon [_thread_blocked, id=9500, stack(0x0000006260100000,0x0000006260200000)]
  0x0000023c631a9800 JavaThread "Signal Dispatcher" daemon [_thread_blocked, id=14852, stack(0x0000006260200000,0x0000006260300000)]
  0x0000023c631aa800 JavaThread "Attach Listener" daemon [_thread_blocked, id=7352, stack(0x0000006260300000,0x0000006260400000)]
  0x0000023c631ac000 JavaThread "Service Thread" daemon [_thread_blocked, id=4404, stack(0x0000006260400000,0x0000006260500000)]
  0x0000023c631b5800 JavaThread "C2 CompilerThread0" daemon [_thread_in_native, id=23480, stack(0x0000006260500000,0x0000006260600000)]
  0x0000023c631bc000 JavaThread "C1 CompilerThread0" daemon [_thread_blocked, id=22588, stack(0x0000006260600000,0x0000006260700000)]
  0x0000023c631c1000 JavaThread "Sweeper thread" daemon [_thread_blocked, id=9692, stack(0x0000006260700000,0x0000006260800000)]
  0x0000023c6332b800 JavaThread "Common-Cleaner" daemon [_thread_blocked, id=18008, stack(0x0000006260800000,0x0000006260900000)]
  0x0000023c6332c000 JavaThread "Daemon health stats" [_thread_blocked, id=8164, stack(0x0000006261100000,0x0000006261200000)]
  0x0000023c6332a800 JavaThread "Incoming local TCP Connector on port 51922" [_thread_in_native, id=27636, stack(0x0000006260a00000,0x0000006260b00000)]
  0x0000023c63326800 JavaThread "Daemon periodic checks" [_thread_blocked, id=3996, stack(0x0000006261000000,0x0000006261100000)]
  0x0000023c63329800 JavaThread "Daemon" [_thread_blocked, id=14724, stack(0x0000006261200000,0x0000006261300000)]
  0x0000023c63329000 JavaThread "Handler for socket connection from /127.0.0.1:51922 to /127.0.0.1:51923" [_thread_in_native, id=28532, stack(0x0000006261300000,0x0000006261400000)]
  0x0000023c63328000 JavaThread "Cancel handler" [_thread_blocked, id=10724, stack(0x0000006261400000,0x0000006261500000)]
  0x0000023c6332d000 JavaThread "Daemon worker" [_thread_in_vm, id=17140, stack(0x0000006261500000,0x0000006261600000)]
  0x0000023c63327000 JavaThread "Asynchronous log dispatcher for DefaultDaemonConnection: socket connection from /127.0.0.1:51922 to /127.0.0.1:51923" [_thread_blocked, id=19932, stack(0x0000006261600000,0x0000006261700000)]
  0x0000023c661fa000 JavaThread "Stdin handler" [_thread_blocked, id=19176, stack(0x0000006261700000,0x0000006261800000)]
  0x0000023c661fa800 JavaThread "Daemon client event forwarder" [_thread_blocked, id=27056, stack(0x0000006261800000,0x0000006261900000)]
  0x0000023c661fb800 JavaThread "Cache worker for journal cache (C:\Users\gael-\.gradle\caches\journal-1)" [_thread_blocked, id=26572, stack(0x0000006261900000,0x0000006261a00000)]
  0x0000023c661f9000 JavaThread "File lock request listener" [_thread_in_native, id=28540, stack(0x0000006261a00000,0x0000006261b00000)]
  0x0000023c661f6000 JavaThread "Cache worker for file hash cache (C:\Users\gael-\.gradle\caches\7.5\fileHashes)" [_thread_blocked, id=20344, stack(0x0000006262100000,0x0000006262200000)]
=>0x0000023c6554c800 JavaThread "C2 CompilerThread1" daemon [_thread_in_native, id=17652, stack(0x0000006262200000,0x0000006262300000)]
  0x0000023c6631e800 JavaThread "C2 CompilerThread2" daemon [_thread_in_native, id=20436, stack(0x0000006262300000,0x0000006262400000)]
  0x0000023c661fc800 JavaThread "File watcher server" daemon [_thread_in_native, id=27780, stack(0x0000006262400000,0x0000006262500000)]
  0x0000023c661f6800 JavaThread "File watcher consumer" daemon [_thread_blocked, id=11320, stack(0x0000006262500000,0x0000006262600000)]
  0x0000023c661f8800 JavaThread "Cache worker for checksums cache (C:\Users\gael-\AndroidStudioProjects\test4fun\.gradle\7.5\checksums)" [_thread_blocked, id=3444, stack(0x0000006262600000,0x0000006262700000)]
  0x0000023c661fd000 JavaThread "Cache worker for cache directory md-rule (C:\Users\gael-\.gradle\caches\7.5\md-rule)" [_thread_blocked, id=20540, stack(0x0000006262700000,0x0000006262800000)]
  0x0000023c661f7800 JavaThread "Cache worker for file content cache (C:\Users\gael-\.gradle\caches\7.5\fileContent)" [_thread_blocked, id=21912, stack(0x0000006262800000,0x0000006262900000)]
  0x0000023c66203000 JavaThread "Cache worker for file hash cache (C:\Users\gael-\AndroidStudioProjects\test4fun\.gradle\7.5\fileHashes)" [_thread_blocked, id=28392, stack(0x0000006262900000,0x0000006262a00000)]
  0x0000023c66201000 JavaThread "Cache worker for cache directory md-supplier (C:\Users\gael-\.gradle\caches\7.5\md-supplier)" [_thread_blocked, id=28576, stack(0x0000006262a00000,0x0000006262b00000)]
  0x0000023c66203800 JavaThread "Cache worker for execution history cache (C:\Users\gael-\.gradle\caches\7.5\executionHistory)" [_thread_blocked, id=7140, stack(0x0000006262b00000,0x0000006262c00000)]
  0x0000023c661fe000 JavaThread "jar transforms" [_thread_blocked, id=13308, stack(0x0000006262c00000,0x0000006262d00000)]
  0x0000023c66202000 JavaThread "jar transforms Thread 2" [_thread_blocked, id=19656, stack(0x0000006262d00000,0x0000006262e00000)]
  0x0000023c66204800 JavaThread "jar transforms Thread 3" [_thread_blocked, id=16456, stack(0x0000006262e00000,0x0000006262f00000)]
  0x0000023c661ff000 JavaThread "jar transforms Thread 4" [_thread_blocked, id=14420, stack(0x0000006262f00000,0x0000006263000000)]
  0x0000023c661ff800 JavaThread "Cache worker for dependencies-accessors (C:\Users\gael-\AndroidStudioProjects\test4fun\.gradle\7.5\dependencies-accessors)" [_thread_blocked, id=12300, stack(0x0000006263000000,0x0000006263100000)]

Other Threads:
  0x0000023c63149000 VMThread "VM Thread" [stack: 0x000000625ff00000,0x0000006260000000] [id=5808]
  0x0000023c6334f800 WatcherThread [stack: 0x0000006260900000,0x0000006260a00000] [id=25108]
  0x0000023c46064800 GCTaskThread "GC Thread#0" [stack: 0x000000625fa00000,0x000000625fb00000] [id=12468]
  0x0000023c6432b000 GCTaskThread "GC Thread#1" [stack: 0x0000006260b00000,0x0000006260c00000] [id=10708]
  0x0000023c63bc2800 GCTaskThread "GC Thread#2" [stack: 0x0000006260c00000,0x0000006260d00000] [id=6960]
  0x0000023c6434c000 GCTaskThread "GC Thread#3" [stack: 0x0000006260d00000,0x0000006260e00000] [id=2788]
  0x0000023c63bdd000 GCTaskThread "GC Thread#4" [stack: 0x0000006260e00000,0x0000006260f00000] [id=13620]
  0x0000023c63bde000 GCTaskThread "GC Thread#5" [stack: 0x0000006260f00000,0x0000006261000000] [id=24240]
  0x0000023c65893000 GCTaskThread "GC Thread#6" [stack: 0x0000006261b00000,0x0000006261c00000] [id=9112]
  0x0000023c6588a000 GCTaskThread "GC Thread#7" [stack: 0x0000006261c00000,0x0000006261d00000] [id=9424]
  0x0000023c634e2800 GCTaskThread "GC Thread#8" [stack: 0x0000006261d00000,0x0000006261e00000] [id=14484]
  0x0000023c63ebc000 GCTaskThread "GC Thread#9" [stack: 0x0000006261e00000,0x0000006261f00000] [id=10116]
  0x0000023c46095000 ConcurrentGCThread "G1 Main Marker" [stack: 0x000000625fb00000,0x000000625fc00000] [id=27996]
  0x0000023c46098000 ConcurrentGCThread "G1 Conc#0" [stack: 0x000000625fc00000,0x000000625fd00000] [id=8132]
  0x0000023c661ed000 ConcurrentGCThread "G1 Conc#1" [stack: 0x0000006261f00000,0x0000006262000000] [id=17324]
  0x0000023c66408800 ConcurrentGCThread "G1 Conc#2" [stack: 0x0000006262000000,0x0000006262100000] [id=12576]
  0x0000023c62793000 ConcurrentGCThread "G1 Refine#0" [stack: 0x000000625fd00000,0x000000625fe00000] [id=27400]
  0x0000023c62796000 ConcurrentGCThread "G1 Young RemSet Sampling" [stack: 0x000000625fe00000,0x000000625ff00000] [id=13744]

Threads with active compile tasks:
C2 CompilerThread0     7058 3712       4       jdk.internal.org.objectweb.asm.Type::getArgumentsAndReturnSizes (151 bytes)
C2 CompilerThread1     7059 3687       4       org.objectweb.asm.Frame::execute (2318 bytes)
C2 CompilerThread2     7059 3613       4       groovy.lang.MetaClassImpl$1MOPIter::methodNameAction (325 bytes)

VM state:not at safepoint (normal execution)

VM Mutex/Monitor currently owned by a thread: None

Heap address: 0x0000000080000000, size: 2048 MB, Compressed Oops mode: 32-bit
Narrow klass base: 0x0000000000000000, Narrow klass shift: 3
Compressed class space size: 1073741824 Address: 0x0000000100000000

Heap:
 garbage-first heap   total 260096K, used 105158K [0x0000000080000000, 0x0000000100000000)
  region size 1024K, 86 young (88064K), 6 survivors (6144K)
 Metaspace       used 42073K, capacity 42988K, committed 43056K, reserved 1087488K
  class space    used 5367K, capacity 5746K, committed 5760K, reserved 1048576K
Heap Regions: E=young(eden), S=young(survivor), O=old, HS=humongous(starts), HC=humongous(continues), CS=collection set, F=free, A=archive, TAMS=top-at-mark-start (previous, next)
|   0|0x0000000080000000, 0x0000000080100000, 0x0000000080100000|100%| O|  |TAMS 0x0000000080100000, 0x0000000080000000| Untracked 
|   1|0x0000000080100000, 0x0000000080200000, 0x0000000080200000|100%| O|  |TAMS 0x0000000080200000, 0x0000000080100000| Untracked 
|   2|0x0000000080200000, 0x0000000080300000, 0x0000000080300000|100%| O|  |TAMS 0x0000000080300000, 0x0000000080200000| Untracked 
|   3|0x0000000080300000, 0x0000000080400000, 0x0000000080400000|100%|HS|  |TAMS 0x0000000080400000, 0x0000000080300000| Complete 
|   4|0x0000000080400000, 0x0000000080500000, 0x0000000080500000|100%|HC|  |TAMS 0x0000000080500000, 0x0000000080400000| Complete 
|   5|0x0000000080500000, 0x0000000080600000, 0x0000000080600000|100%|HC|  |TAMS 0x0000000080600000, 0x0000000080500000| Complete 
|   6|0x0000000080600000, 0x0000000080700000, 0x0000000080700000|100%| O|  |TAMS 0x0000000080700000, 0x0000000080600000| Untracked 
|   7|0x0000000080700000, 0x0000000080800000, 0x0000000080800000|100%| O|  |TAMS 0x0000000080800000, 0x0000000080700000| Untracked 
|   8|0x0000000080800000, 0x0000000080900000, 0x0000000080900000|100%| O|  |TAMS 0x0000000080900000, 0x0000000080800000| Untracked 
|   9|0x0000000080900000, 0x0000000080a00000, 0x0000000080a00000|100%| O|  |TAMS 0x0000000080a00000, 0x0000000080900000| Untracked 
|  10|0x0000000080a00000, 0x0000000080b00000, 0x0000000080b00000|100%| O|  |TAMS 0x0000000080b00000, 0x0000000080a00000| Untracked 
|  11|0x0000000080b00000, 0x0000000080c00000, 0x0000000080c00000|100%| O|  |TAMS 0x0000000080c00000, 0x0000000080b00000| Untracked 
|  12|0x0000000080c00000, 0x0000000080d00000, 0x0000000080d00000|100%| O|  |TAMS 0x0000000080d00000, 0x0000000080c00000| Untracked 
|  13|0x0000000080d00000, 0x0000000080e00000, 0x0000000080e00000|100%| O|  |TAMS 0x0000000080e00000, 0x0000000080d00000| Untracked 
|  14|0x0000000080e00000, 0x0000000080f00000, 0x0000000080f00000|100%| O|  |TAMS 0x0000000080f00000, 0x0000000080e00000| Untracked 
|  15|0x0000000080f00000, 0x0000000081000000, 0x0000000081000000|100%| O|  |TAMS 0x0000000081000000, 0x0000000080f00000| Untracked 
|  16|0x0000000081000000, 0x0000000081043200, 0x0000000081100000| 26%| O|  |TAMS 0x0000000081043200, 0x0000000081000000| Untracked 
|  17|0x0000000081100000, 0x0000000081200000, 0x0000000081200000|100%|HS|  |TAMS 0x0000000081100000, 0x0000000081100000| Complete 
|  18|0x0000000081200000, 0x0000000081300000, 0x0000000081300000|100%|HS|  |TAMS 0x0000000081200000, 0x0000000081200000| Complete 
|  19|0x0000000081300000, 0x0000000081400000, 0x0000000081400000|100%|HC|  |TAMS 0x0000000081300000, 0x0000000081300000| Complete 
|  20|0x0000000081400000, 0x0000000081400000, 0x0000000081500000|  0%| F|  |TAMS 0x0000000081400000, 0x0000000081400000| Untracked 
|  21|0x0000000081500000, 0x0000000081500000, 0x0000000081600000|  0%| F|  |TAMS 0x0000000081500000, 0x0000000081500000| Untracked 
|  22|0x0000000081600000, 0x0000000081600000, 0x0000000081700000|  0%| F|  |TAMS 0x0000000081600000, 0x0000000081600000| Untracked 
|  23|0x0000000081700000, 0x0000000081700000, 0x0000000081800000|  0%| F|  |TAMS 0x0000000081700000, 0x0000000081700000| Untracked 
|  24|0x0000000081800000, 0x0000000081800000, 0x0000000081900000|  0%| F|  |TAMS 0x0000000081800000, 0x0000000081800000| Untracked 
|  25|0x0000000081900000, 0x0000000081900000, 0x0000000081a00000|  0%| F|  |TAMS 0x0000000081900000, 0x0000000081900000| Untracked 
|  26|0x0000000081a00000, 0x0000000081a00000, 0x0000000081b00000|  0%| F|  |TAMS 0x0000000081a00000, 0x0000000081a00000| Untracked 
|  27|0x0000000081b00000, 0x0000000081b00000, 0x0000000081c00000|  0%| F|  |TAMS 0x0000000081b00000, 0x0000000081b00000| Untracked 
|  28|0x0000000081c00000, 0x0000000081c00000, 0x0000000081d00000|  0%| F|  |TAMS 0x0000000081c00000, 0x0000000081c00000| Untracked 
|  29|0x0000000081d00000, 0x0000000081d00000, 0x0000000081e00000|  0%| F|  |TAMS 0x0000000081d00000, 0x0000000081d00000| Untracked 
|  30|0x0000000081e00000, 0x0000000081e00000, 0x0000000081f00000|  0%| F|  |TAMS 0x0000000081e00000, 0x0000000081e00000| Untracked 
|  31|0x0000000081f00000, 0x0000000081f00000, 0x0000000082000000|  0%| F|  |TAMS 0x0000000081f00000, 0x0000000081f00000| Untracked 
|  32|0x0000000082000000, 0x0000000082000000, 0x0000000082100000|  0%| F|  |TAMS 0x0000000082000000, 0x0000000082000000| Untracked 
|  33|0x0000000082100000, 0x0000000082100000, 0x0000000082200000|  0%| F|  |TAMS 0x0000000082100000, 0x0000000082100000| Untracked 
|  34|0x0000000082200000, 0x0000000082200000, 0x0000000082300000|  0%| F|  |TAMS 0x0000000082200000, 0x0000000082200000| Untracked 
|  35|0x0000000082300000, 0x0000000082300000, 0x0000000082400000|  0%| F|  |TAMS 0x0000000082300000, 0x0000000082300000| Untracked 
|  36|0x0000000082400000, 0x0000000082400000, 0x0000000082500000|  0%| F|  |TAMS 0x0000000082400000, 0x0000000082400000| Untracked 
|  37|0x0000000082500000, 0x0000000082500000, 0x0000000082600000|  0%| F|  |TAMS 0x0000000082500000, 0x0000000082500000| Untracked 
|  38|0x0000000082600000, 0x0000000082600000, 0x0000000082700000|  0%| F|  |TAMS 0x0000000082600000, 0x0000000082600000| Untracked 
|  39|0x0000000082700000, 0x0000000082700000, 0x0000000082800000|  0%| F|  |TAMS 0x0000000082700000, 0x0000000082700000| Untracked 
|  40|0x0000000082800000, 0x0000000082800000, 0x0000000082900000|  0%| F|  |TAMS 0x0000000082800000, 0x0000000082800000| Untracked 
|  41|0x0000000082900000, 0x0000000082900000, 0x0000000082a00000|  0%| F|  |TAMS 0x0000000082900000, 0x0000000082900000| Untracked 
|  42|0x0000000082a00000, 0x0000000082a00000, 0x0000000082b00000|  0%| F|  |TAMS 0x0000000082a00000, 0x0000000082a00000| Untracked 
|  43|0x0000000082b00000, 0x0000000082b00000, 0x0000000082c00000|  0%| F|  |TAMS 0x0000000082b00000, 0x0000000082b00000| Untracked 
|  44|0x0000000082c00000, 0x0000000082c00000, 0x0000000082d00000|  0%| F|  |TAMS 0x0000000082c00000, 0x0000000082c00000| Untracked 
|  45|0x0000000082d00000, 0x0000000082d00000, 0x0000000082e00000|  0%| F|  |TAMS 0x0000000082d00000, 0x0000000082d00000| Untracked 
|  46|0x0000000082e00000, 0x0000000082e00000, 0x0000000082f00000|  0%| F|  |TAMS 0x0000000082e00000, 0x0000000082e00000| Untracked 
|  47|0x0000000082f00000, 0x0000000082f00000, 0x0000000083000000|  0%| F|  |TAMS 0x0000000082f00000, 0x0000000082f00000| Untracked 
|  48|0x0000000083000000, 0x0000000083000000, 0x0000000083100000|  0%| F|  |TAMS 0x0000000083000000, 0x0000000083000000| Untracked 
|  49|0x0000000083100000, 0x0000000083100000, 0x0000000083200000|  0%| F|  |TAMS 0x0000000083100000, 0x0000000083100000| Untracked 
|  50|0x0000000083200000, 0x0000000083200000, 0x0000000083300000|  0%| F|  |TAMS 0x0000000083200000, 0x0000000083200000| Untracked 
|  51|0x0000000083300000, 0x0000000083300000, 0x0000000083400000|  0%| F|  |TAMS 0x0000000083300000, 0x0000000083300000| Untracked 
|  52|0x0000000083400000, 0x0000000083400000, 0x0000000083500000|  0%| F|  |TAMS 0x0000000083400000, 0x0000000083400000| Untracked 
|  53|0x0000000083500000, 0x0000000083500000, 0x0000000083600000|  0%| F|  |TAMS 0x0000000083500000, 0x0000000083500000| Untracked 
|  54|0x0000000083600000, 0x0000000083600000, 0x0000000083700000|  0%| F|  |TAMS 0x0000000083600000, 0x0000000083600000| Untracked 
|  55|0x0000000083700000, 0x0000000083700000, 0x0000000083800000|  0%| F|  |TAMS 0x0000000083700000, 0x0000000083700000| Untracked 
|  56|0x0000000083800000, 0x0000000083800000, 0x0000000083900000|  0%| F|  |TAMS 0x0000000083800000, 0x0000000083800000| Untracked 
|  57|0x0000000083900000, 0x0000000083900000, 0x0000000083a00000|  0%| F|  |TAMS 0x0000000083900000, 0x0000000083900000| Untracked 
|  58|0x0000000083a00000, 0x0000000083a00000, 0x0000000083b00000|  0%| F|  |TAMS 0x0000000083a00000, 0x0000000083a00000| Untracked 
|  59|0x0000000083b00000, 0x0000000083b00000, 0x0000000083c00000|  0%| F|  |TAMS 0x0000000083b00000, 0x0000000083b00000| Untracked 
|  60|0x0000000083c00000, 0x0000000083c00000, 0x0000000083d00000|  0%| F|  |TAMS 0x0000000083c00000, 0x0000000083c00000| Untracked 
|  61|0x0000000083d00000, 0x0000000083d00000, 0x0000000083e00000|  0%| F|  |TAMS 0x0000000083d00000, 0x0000000083d00000| Untracked 
|  62|0x0000000083e00000, 0x0000000083e00000, 0x0000000083f00000|  0%| F|  |TAMS 0x0000000083e00000, 0x0000000083e00000| Untracked 
|  63|0x0000000083f00000, 0x0000000083f00000, 0x0000000084000000|  0%| F|  |TAMS 0x0000000083f00000, 0x0000000083f00000| Untracked 
|  64|0x0000000084000000, 0x0000000084000000, 0x0000000084100000|  0%| F|  |TAMS 0x0000000084000000, 0x0000000084000000| Untracked 
|  65|0x0000000084100000, 0x0000000084100000, 0x0000000084200000|  0%| F|  |TAMS 0x0000000084100000, 0x0000000084100000| Untracked 
|  66|0x0000000084200000, 0x0000000084200000, 0x0000000084300000|  0%| F|  |TAMS 0x0000000084200000, 0x0000000084200000| Untracked 
|  67|0x0000000084300000, 0x0000000084300000, 0x0000000084400000|  0%| F|  |TAMS 0x0000000084300000, 0x0000000084300000| Untracked 
|  68|0x0000000084400000, 0x0000000084400000, 0x0000000084500000|  0%| F|  |TAMS 0x0000000084400000, 0x0000000084400000| Untracked 
|  69|0x0000000084500000, 0x0000000084500000, 0x0000000084600000|  0%| F|  |TAMS 0x0000000084500000, 0x0000000084500000| Untracked 
|  70|0x0000000084600000, 0x0000000084600000, 0x0000000084700000|  0%| F|  |TAMS 0x0000000084600000, 0x0000000084600000| Untracked 
|  71|0x0000000084700000, 0x0000000084700000, 0x0000000084800000|  0%| F|  |TAMS 0x0000000084700000, 0x0000000084700000| Untracked 
|  72|0x0000000084800000, 0x0000000084800000, 0x0000000084900000|  0%| F|  |TAMS 0x0000000084800000, 0x0000000084800000| Untracked 
|  73|0x0000000084900000, 0x0000000084900000, 0x0000000084a00000|  0%| F|  |TAMS 0x0000000084900000, 0x0000000084900000| Untracked 
|  74|0x0000000084a00000, 0x0000000084a00000, 0x0000000084b00000|  0%| F|  |TAMS 0x0000000084a00000, 0x0000000084a00000| Untracked 
|  75|0x0000000084b00000, 0x0000000084b00000, 0x0000000084c00000|  0%| F|  |TAMS 0x0000000084b00000, 0x0000000084b00000| Untracked 
|  76|0x0000000084c00000, 0x0000000084c00000, 0x0000000084d00000|  0%| F|  |TAMS 0x0000000084c00000, 0x0000000084c00000| Untracked 
|  77|0x0000000084d00000, 0x0000000084d00000, 0x0000000084e00000|  0%| F|  |TAMS 0x0000000084d00000, 0x0000000084d00000| Untracked 
|  78|0x0000000084e00000, 0x0000000084e00000, 0x0000000084f00000|  0%| F|  |TAMS 0x0000000084e00000, 0x0000000084e00000| Untracked 
|  79|0x0000000084f00000, 0x0000000084f00000, 0x0000000085000000|  0%| F|  |TAMS 0x0000000084f00000, 0x0000000084f00000| Untracked 
|  80|0x0000000085000000, 0x0000000085000000, 0x0000000085100000|  0%| F|  |TAMS 0x0000000085000000, 0x0000000085000000| Untracked 
|  81|0x0000000085100000, 0x0000000085100000, 0x0000000085200000|  0%| F|  |TAMS 0x0000000085100000, 0x0000000085100000| Untracked 
|  82|0x0000000085200000, 0x0000000085200000, 0x0000000085300000|  0%| F|  |TAMS 0x0000000085200000, 0x0000000085200000| Untracked 
|  83|0x0000000085300000, 0x0000000085300000, 0x0000000085400000|  0%| F|  |TAMS 0x0000000085300000, 0x0000000085300000| Untracked 
|  84|0x0000000085400000, 0x0000000085400000, 0x0000000085500000|  0%| F|  |TAMS 0x0000000085400000, 0x0000000085400000| Untracked 
|  85|0x0000000085500000, 0x0000000085500000, 0x0000000085600000|  0%| F|  |TAMS 0x0000000085500000, 0x0000000085500000| Untracked 
|  86|0x0000000085600000, 0x0000000085600000, 0x0000000085700000|  0%| F|  |TAMS 0x0000000085600000, 0x0000000085600000| Untracked 
|  87|0x0000000085700000, 0x0000000085700000, 0x0000000085800000|  0%| F|  |TAMS 0x0000000085700000, 0x0000000085700000| Untracked 
|  88|0x0000000085800000, 0x0000000085800000, 0x0000000085900000|  0%| F|  |TAMS 0x0000000085800000, 0x0000000085800000| Untracked 
|  89|0x0000000085900000, 0x0000000085900000, 0x0000000085a00000|  0%| F|  |TAMS 0x0000000085900000, 0x0000000085900000| Untracked 
|  90|0x0000000085a00000, 0x0000000085a00000, 0x0000000085b00000|  0%| F|  |TAMS 0x0000000085a00000, 0x0000000085a00000| Untracked 
|  91|0x0000000085b00000, 0x0000000085b00000, 0x0000000085c00000|  0%| F|  |TAMS 0x0000000085b00000, 0x0000000085b00000| Untracked 
|  92|0x0000000085c00000, 0x0000000085c00000, 0x0000000085d00000|  0%| F|  |TAMS 0x0000000085c00000, 0x0000000085c00000| Untracked 
|  93|0x0000000085d00000, 0x0000000085d00000, 0x0000000085e00000|  0%| F|  |TAMS 0x0000000085d00000, 0x0000000085d00000| Untracked 
|  94|0x0000000085e00000, 0x0000000085e00000, 0x0000000085f00000|  0%| F|  |TAMS 0x0000000085e00000, 0x0000000085e00000| Untracked 
|  95|0x0000000085f00000, 0x0000000085f00000, 0x0000000086000000|  0%| F|  |TAMS 0x0000000085f00000, 0x0000000085f00000| Untracked 
|  96|0x0000000086000000, 0x0000000086000000, 0x0000000086100000|  0%| F|  |TAMS 0x0000000086000000, 0x0000000086000000| Untracked 
|  97|0x0000000086100000, 0x0000000086100000, 0x0000000086200000|  0%| F|  |TAMS 0x0000000086100000, 0x0000000086100000| Untracked 
|  98|0x0000000086200000, 0x0000000086200000, 0x0000000086300000|  0%| F|  |TAMS 0x0000000086200000, 0x0000000086200000| Untracked 
|  99|0x0000000086300000, 0x0000000086300000, 0x0000000086400000|  0%| F|  |TAMS 0x0000000086300000, 0x0000000086300000| Untracked 
| 100|0x0000000086400000, 0x0000000086400000, 0x0000000086500000|  0%| F|  |TAMS 0x0000000086400000, 0x0000000086400000| Untracked 
| 101|0x0000000086500000, 0x0000000086500000, 0x0000000086600000|  0%| F|  |TAMS 0x0000000086500000, 0x0000000086500000| Untracked 
| 102|0x0000000086600000, 0x0000000086600000, 0x0000000086700000|  0%| F|  |TAMS 0x0000000086600000, 0x0000000086600000| Untracked 
| 103|0x0000000086700000, 0x0000000086700000, 0x0000000086800000|  0%| F|  |TAMS 0x0000000086700000, 0x0000000086700000| Untracked 
| 104|0x0000000086800000, 0x0000000086800000, 0x0000000086900000|  0%| F|  |TAMS 0x0000000086800000, 0x0000000086800000| Untracked 
| 105|0x0000000086900000, 0x0000000086900000, 0x0000000086a00000|  0%| F|  |TAMS 0x0000000086900000, 0x0000000086900000| Untracked 
| 106|0x0000000086a00000, 0x0000000086a00000, 0x0000000086b00000|  0%| F|  |TAMS 0x0000000086a00000, 0x0000000086a00000| Untracked 
| 107|0x0000000086b00000, 0x0000000086b00000, 0x0000000086c00000|  0%| F|  |TAMS 0x0000000086b00000, 0x0000000086b00000| Untracked 
| 108|0x0000000086c00000, 0x0000000086c00000, 0x0000000086d00000|  0%| F|  |TAMS 0x0000000086c00000, 0x0000000086c00000| Untracked 
| 109|0x0000000086d00000, 0x0000000086d00000, 0x0000000086e00000|  0%| F|  |TAMS 0x0000000086d00000, 0x0000000086d00000| Untracked 
| 110|0x0000000086e00000, 0x0000000086e00000, 0x0000000086f00000|  0%| F|  |TAMS 0x0000000086e00000, 0x0000000086e00000| Untracked 
| 111|0x0000000086f00000, 0x0000000086f00000, 0x0000000087000000|  0%| F|  |TAMS 0x0000000086f00000, 0x0000000086f00000| Untracked 
| 112|0x0000000087000000, 0x0000000087000000, 0x0000000087100000|  0%| F|  |TAMS 0x0000000087000000, 0x0000000087000000| Untracked 
| 113|0x0000000087100000, 0x0000000087100000, 0x0000000087200000|  0%| F|  |TAMS 0x0000000087100000, 0x0000000087100000| Untracked 
| 114|0x0000000087200000, 0x0000000087200000, 0x0000000087300000|  0%| F|  |TAMS 0x0000000087200000, 0x0000000087200000| Untracked 
| 115|0x0000000087300000, 0x0000000087300000, 0x0000000087400000|  0%| F|  |TAMS 0x0000000087300000, 0x0000000087300000| Untracked 
| 116|0x0000000087400000, 0x0000000087400000, 0x0000000087500000|  0%| F|  |TAMS 0x0000000087400000, 0x0000000087400000| Untracked 
| 117|0x0000000087500000, 0x0000000087500000, 0x0000000087600000|  0%| F|  |TAMS 0x0000000087500000, 0x0000000087500000| Untracked 
| 118|0x0000000087600000, 0x0000000087600000, 0x0000000087700000|  0%| F|  |TAMS 0x0000000087600000, 0x0000000087600000| Untracked 
| 119|0x0000000087700000, 0x0000000087700000, 0x0000000087800000|  0%| F|  |TAMS 0x0000000087700000, 0x0000000087700000| Untracked 
| 120|0x0000000087800000, 0x0000000087800000, 0x0000000087900000|  0%| F|  |TAMS 0x0000000087800000, 0x0000000087800000| Untracked 
| 121|0x0000000087900000, 0x0000000087900000, 0x0000000087a00000|  0%| F|  |TAMS 0x0000000087900000, 0x0000000087900000| Untracked 
| 122|0x0000000087a00000, 0x0000000087a00000, 0x0000000087b00000|  0%| F|  |TAMS 0x0000000087a00000, 0x0000000087a00000| Untracked 
| 123|0x0000000087b00000, 0x0000000087b00000, 0x0000000087c00000|  0%| F|  |TAMS 0x0000000087b00000, 0x0000000087b00000| Untracked 
| 124|0x0000000087c00000, 0x0000000087c00000, 0x0000000087d00000|  0%| F|  |TAMS 0x0000000087c00000, 0x0000000087c00000| Untracked 
| 125|0x0000000087d00000, 0x0000000087d00000, 0x0000000087e00000|  0%| F|  |TAMS 0x0000000087d00000, 0x0000000087d00000| Untracked 
| 126|0x0000000087e00000, 0x0000000087e00000, 0x0000000087f00000|  0%| F|  |TAMS 0x0000000087e00000, 0x0000000087e00000| Untracked 
| 127|0x0000000087f00000, 0x0000000087f00000, 0x0000000088000000|  0%| F|  |TAMS 0x0000000087f00000, 0x0000000087f00000| Untracked 
| 128|0x0000000088000000, 0x0000000088000000, 0x0000000088100000|  0%| F|  |TAMS 0x0000000088000000, 0x0000000088000000| Untracked 
| 129|0x0000000088100000, 0x0000000088100000, 0x0000000088200000|  0%| F|  |TAMS 0x0000000088100000, 0x0000000088100000| Untracked 
| 130|0x0000000088200000, 0x0000000088200000, 0x0000000088300000|  0%| F|  |TAMS 0x0000000088200000, 0x0000000088200000| Untracked 
| 131|0x0000000088300000, 0x0000000088300000, 0x0000000088400000|  0%| F|  |TAMS 0x0000000088300000, 0x0000000088300000| Untracked 
| 132|0x0000000088400000, 0x0000000088400000, 0x0000000088500000|  0%| F|  |TAMS 0x0000000088400000, 0x0000000088400000| Untracked 
| 133|0x0000000088500000, 0x0000000088500000, 0x0000000088600000|  0%| F|  |TAMS 0x0000000088500000, 0x0000000088500000| Untracked 
| 134|0x0000000088600000, 0x0000000088600000, 0x0000000088700000|  0%| F|  |TAMS 0x0000000088600000, 0x0000000088600000| Untracked 
| 135|0x0000000088700000, 0x0000000088700000, 0x0000000088800000|  0%| F|  |TAMS 0x0000000088700000, 0x0000000088700000| Untracked 
| 136|0x0000000088800000, 0x0000000088800000, 0x0000000088900000|  0%| F|  |TAMS 0x0000000088800000, 0x0000000088800000| Untracked 
| 137|0x0000000088900000, 0x0000000088900000, 0x0000000088a00000|  0%| F|  |TAMS 0x0000000088900000, 0x0000000088900000| Untracked 
| 138|0x0000000088a00000, 0x0000000088a00000, 0x0000000088b00000|  0%| F|  |TAMS 0x0000000088a00000, 0x0000000088a00000| Untracked 
| 139|0x0000000088b00000, 0x0000000088b00000, 0x0000000088c00000|  0%| F|  |TAMS 0x0000000088b00000, 0x0000000088b00000| Untracked 
| 140|0x0000000088c00000, 0x0000000088c00000, 0x0000000088d00000|  0%| F|  |TAMS 0x0000000088c00000, 0x0000000088c00000| Untracked 
| 141|0x0000000088d00000, 0x0000000088d00000, 0x0000000088e00000|  0%| F|  |TAMS 0x0000000088d00000, 0x0000000088d00000| Untracked 
| 142|0x0000000088e00000, 0x0000000088e00000, 0x0000000088f00000|  0%| F|  |TAMS 0x0000000088e00000, 0x0000000088e00000| Untracked 
| 143|0x0000000088f00000, 0x0000000088f00000, 0x0000000089000000|  0%| F|  |TAMS 0x0000000088f00000, 0x0000000088f00000| Untracked 
| 144|0x0000000089000000, 0x0000000089000000, 0x0000000089100000|  0%| F|  |TAMS 0x0000000089000000, 0x0000000089000000| Untracked 
| 145|0x0000000089100000, 0x0000000089100000, 0x0000000089200000|  0%| F|  |TAMS 0x0000000089100000, 0x0000000089100000| Untracked 
| 146|0x0000000089200000, 0x0000000089200000, 0x0000000089300000|  0%| F|  |TAMS 0x0000000089200000, 0x0000000089200000| Untracked 
| 147|0x0000000089300000, 0x0000000089300000, 0x0000000089400000|  0%| F|  |TAMS 0x0000000089300000, 0x0000000089300000| Untracked 
| 148|0x0000000089400000, 0x0000000089400000, 0x0000000089500000|  0%| F|  |TAMS 0x0000000089400000, 0x0000000089400000| Untracked 
| 149|0x0000000089500000, 0x000000008956e7b0, 0x0000000089600000| 43%| S|CS|TAMS 0x0000000089500000, 0x0000000089500000| Complete 
| 150|0x0000000089600000, 0x0000000089700000, 0x0000000089700000|100%| S|CS|TAMS 0x0000000089600000, 0x0000000089600000| Complete 
| 151|0x0000000089700000, 0x0000000089800000, 0x0000000089800000|100%| S|CS|TAMS 0x0000000089700000, 0x0000000089700000| Complete 
| 152|0x0000000089800000, 0x0000000089900000, 0x0000000089900000|100%| S|CS|TAMS 0x0000000089800000, 0x0000000089800000| Complete 
| 153|0x0000000089900000, 0x0000000089a00000, 0x0000000089a00000|100%| S|CS|TAMS 0x0000000089900000, 0x0000000089900000| Complete 
| 154|0x0000000089a00000, 0x0000000089b00000, 0x0000000089b00000|100%| S|CS|TAMS 0x0000000089a00000, 0x0000000089a00000| Complete 
| 155|0x0000000089b00000, 0x0000000089b00000, 0x0000000089c00000|  0%| F|  |TAMS 0x0000000089b00000, 0x0000000089b00000| Untracked 
| 156|0x0000000089c00000, 0x0000000089c00000, 0x0000000089d00000|  0%| F|  |TAMS 0x0000000089c00000, 0x0000000089c00000| Untracked 
| 157|0x0000000089d00000, 0x0000000089d00000, 0x0000000089e00000|  0%| F|  |TAMS 0x0000000089d00000, 0x0000000089d00000| Untracked 
| 158|0x0000000089e00000, 0x0000000089e00000, 0x0000000089f00000|  0%| F|  |TAMS 0x0000000089e00000, 0x0000000089e00000| Untracked 
| 159|0x0000000089f00000, 0x0000000089f00000, 0x000000008a000000|  0%| F|  |TAMS 0x0000000089f00000, 0x0000000089f00000| Untracked 
| 160|0x000000008a000000, 0x000000008a000000, 0x000000008a100000|  0%| F|  |TAMS 0x000000008a000000, 0x000000008a000000| Untracked 
| 161|0x000000008a100000, 0x000000008a100000, 0x000000008a200000|  0%| F|  |TAMS 0x000000008a100000, 0x000000008a100000| Untracked 
| 162|0x000000008a200000, 0x000000008a200000, 0x000000008a300000|  0%| F|  |TAMS 0x000000008a200000, 0x000000008a200000| Untracked 
| 163|0x000000008a300000, 0x000000008a300000, 0x000000008a400000|  0%| F|  |TAMS 0x000000008a300000, 0x000000008a300000| Untracked 
| 164|0x000000008a400000, 0x000000008a400000, 0x000000008a500000|  0%| F|  |TAMS 0x000000008a400000, 0x000000008a400000| Untracked 
| 165|0x000000008a500000, 0x000000008a500000, 0x000000008a600000|  0%| F|  |TAMS 0x000000008a500000, 0x000000008a500000| Untracked 
| 166|0x000000008a600000, 0x000000008a600000, 0x000000008a700000|  0%| F|  |TAMS 0x000000008a600000, 0x000000008a600000| Untracked 
| 167|0x000000008a700000, 0x000000008a700000, 0x000000008a800000|  0%| F|  |TAMS 0x000000008a700000, 0x000000008a700000| Untracked 
| 168|0x000000008a800000, 0x000000008a800000, 0x000000008a900000|  0%| F|  |TAMS 0x000000008a800000, 0x000000008a800000| Untracked 
| 169|0x000000008a900000, 0x000000008a900000, 0x000000008aa00000|  0%| F|  |TAMS 0x000000008a900000, 0x000000008a900000| Untracked 
| 170|0x000000008aa00000, 0x000000008aa00000, 0x000000008ab00000|  0%| F|  |TAMS 0x000000008aa00000, 0x000000008aa00000| Untracked 
| 171|0x000000008ab00000, 0x000000008ab00000, 0x000000008ac00000|  0%| F|  |TAMS 0x000000008ab00000, 0x000000008ab00000| Untracked 
| 172|0x000000008ac00000, 0x000000008ac00000, 0x000000008ad00000|  0%| F|  |TAMS 0x000000008ac00000, 0x000000008ac00000| Untracked 
| 173|0x000000008ad00000, 0x000000008ad80800, 0x000000008ae00000| 50%| E|  |TAMS 0x000000008ad00000, 0x000000008ad00000| Complete 
| 174|0x000000008ae00000, 0x000000008af00000, 0x000000008af00000|100%| E|CS|TAMS 0x000000008ae00000, 0x000000008ae00000| Complete 
| 175|0x000000008af00000, 0x000000008b000000, 0x000000008b000000|100%| E|CS|TAMS 0x000000008af00000, 0x000000008af00000| Complete 
| 176|0x000000008b000000, 0x000000008b100000, 0x000000008b100000|100%| E|CS|TAMS 0x000000008b000000, 0x000000008b000000| Complete 
| 177|0x000000008b100000, 0x000000008b200000, 0x000000008b200000|100%| E|CS|TAMS 0x000000008b100000, 0x000000008b100000| Complete 
| 178|0x000000008b200000, 0x000000008b300000, 0x000000008b300000|100%| E|CS|TAMS 0x000000008b200000, 0x000000008b200000| Complete 
| 179|0x000000008b300000, 0x000000008b400000, 0x000000008b400000|100%| E|CS|TAMS 0x000000008b300000, 0x000000008b300000| Complete 
| 180|0x000000008b400000, 0x000000008b500000, 0x000000008b500000|100%| E|CS|TAMS 0x000000008b400000, 0x000000008b400000| Complete 
| 181|0x000000008b500000, 0x000000008b600000, 0x000000008b600000|100%| E|CS|TAMS 0x000000008b500000, 0x000000008b500000| Complete 
| 182|0x000000008b600000, 0x000000008b700000, 0x000000008b700000|100%| E|CS|TAMS 0x000000008b600000, 0x000000008b600000| Complete 
| 183|0x000000008b700000, 0x000000008b800000, 0x000000008b800000|100%| E|CS|TAMS 0x000000008b700000, 0x000000008b700000| Complete 
| 184|0x000000008b800000, 0x000000008b900000, 0x000000008b900000|100%| E|CS|TAMS 0x000000008b800000, 0x000000008b800000| Complete 
| 185|0x000000008b900000, 0x000000008ba00000, 0x000000008ba00000|100%| E|CS|TAMS 0x000000008b900000, 0x000000008b900000| Complete 
| 186|0x000000008ba00000, 0x000000008bb00000, 0x000000008bb00000|100%| E|CS|TAMS 0x000000008ba00000, 0x000000008ba00000| Complete 
| 187|0x000000008bb00000, 0x000000008bc00000, 0x000000008bc00000|100%| E|CS|TAMS 0x000000008bb00000, 0x000000008bb00000| Complete 
| 188|0x000000008bc00000, 0x000000008bd00000, 0x000000008bd00000|100%| E|CS|TAMS 0x000000008bc00000, 0x000000008bc00000| Complete 
| 189|0x000000008bd00000, 0x000000008be00000, 0x000000008be00000|100%| E|CS|TAMS 0x000000008bd00000, 0x000000008bd00000| Complete 
| 190|0x000000008be00000, 0x000000008bf00000, 0x000000008bf00000|100%| E|CS|TAMS 0x000000008be00000, 0x000000008be00000| Complete 
| 191|0x000000008bf00000, 0x000000008c000000, 0x000000008c000000|100%| E|CS|TAMS 0x000000008bf00000, 0x000000008bf00000| Complete 
| 192|0x000000008c000000, 0x000000008c100000, 0x000000008c100000|100%| E|CS|TAMS 0x000000008c000000, 0x000000008c000000| Complete 
| 193|0x000000008c100000, 0x000000008c200000, 0x000000008c200000|100%| E|CS|TAMS 0x000000008c100000, 0x000000008c100000| Complete 
| 194|0x000000008c200000, 0x000000008c300000, 0x000000008c300000|100%| E|CS|TAMS 0x000000008c200000, 0x000000008c200000| Complete 
| 195|0x000000008c300000, 0x000000008c400000, 0x000000008c400000|100%| E|CS|TAMS 0x000000008c300000, 0x000000008c300000| Complete 
| 196|0x000000008c400000, 0x000000008c500000, 0x000000008c500000|100%| E|CS|TAMS 0x000000008c400000, 0x000000008c400000| Complete 
| 197|0x000000008c500000, 0x000000008c600000, 0x000000008c600000|100%| E|CS|TAMS 0x000000008c500000, 0x000000008c500000| Complete 
| 198|0x000000008c600000, 0x000000008c700000, 0x000000008c700000|100%| E|CS|TAMS 0x000000008c600000, 0x000000008c600000| Complete 
| 199|0x000000008c700000, 0x000000008c800000, 0x000000008c800000|100%| E|CS|TAMS 0x000000008c700000, 0x000000008c700000| Complete 
| 200|0x000000008c800000, 0x000000008c900000, 0x000000008c900000|100%| E|CS|TAMS 0x000000008c800000, 0x000000008c800000| Complete 
| 201|0x000000008c900000, 0x000000008ca00000, 0x000000008ca00000|100%| E|CS|TAMS 0x000000008c900000, 0x000000008c900000| Complete 
| 202|0x000000008ca00000, 0x000000008cb00000, 0x000000008cb00000|100%| E|CS|TAMS 0x000000008ca00000, 0x000000008ca00000| Complete 
| 203|0x000000008cb00000, 0x000000008cc00000, 0x000000008cc00000|100%| E|CS|TAMS 0x000000008cb00000, 0x000000008cb00000| Complete 
| 204|0x000000008cc00000, 0x000000008cd00000, 0x000000008cd00000|100%| E|CS|TAMS 0x000000008cc00000, 0x000000008cc00000| Complete 
| 205|0x000000008cd00000, 0x000000008ce00000, 0x000000008ce00000|100%| E|CS|TAMS 0x000000008cd00000, 0x000000008cd00000| Complete 
| 206|0x000000008ce00000, 0x000000008cf00000, 0x000000008cf00000|100%| E|CS|TAMS 0x000000008ce00000, 0x000000008ce00000| Complete 
| 207|0x000000008cf00000, 0x000000008d000000, 0x000000008d000000|100%| E|CS|TAMS 0x000000008cf00000, 0x000000008cf00000| Complete 
| 208|0x000000008d000000, 0x000000008d100000, 0x000000008d100000|100%| E|CS|TAMS 0x000000008d000000, 0x000000008d000000| Complete 
| 209|0x000000008d100000, 0x000000008d200000, 0x000000008d200000|100%| E|CS|TAMS 0x000000008d100000, 0x000000008d100000| Complete 
| 210|0x000000008d200000, 0x000000008d300000, 0x000000008d300000|100%| E|CS|TAMS 0x000000008d200000, 0x000000008d200000| Complete 
| 211|0x000000008d300000, 0x000000008d400000, 0x000000008d400000|100%| E|CS|TAMS 0x000000008d300000, 0x000000008d300000| Complete 
| 212|0x000000008d400000, 0x000000008d500000, 0x000000008d500000|100%| E|  |TAMS 0x000000008d400000, 0x000000008d400000| Complete 
| 213|0x000000008d500000, 0x000000008d600000, 0x000000008d600000|100%| E|CS|TAMS 0x000000008d500000, 0x000000008d500000| Complete 
| 214|0x000000008d600000, 0x000000008d700000, 0x000000008d700000|100%| E|CS|TAMS 0x000000008d600000, 0x000000008d600000| Complete 
| 215|0x000000008d700000, 0x000000008d800000, 0x000000008d800000|100%| E|CS|TAMS 0x000000008d700000, 0x000000008d700000| Complete 
| 216|0x000000008d800000, 0x000000008d900000, 0x000000008d900000|100%| E|CS|TAMS 0x000000008d800000, 0x000000008d800000| Complete 
| 217|0x000000008d900000, 0x000000008da00000, 0x000000008da00000|100%| E|CS|TAMS 0x000000008d900000, 0x000000008d900000| Complete 
| 218|0x000000008da00000, 0x000000008db00000, 0x000000008db00000|100%| E|CS|TAMS 0x000000008da00000, 0x000000008da00000| Complete 
| 219|0x000000008db00000, 0x000000008dc00000, 0x000000008dc00000|100%| E|CS|TAMS 0x000000008db00000, 0x000000008db00000| Complete 
| 220|0x000000008dc00000, 0x000000008dd00000, 0x000000008dd00000|100%| E|CS|TAMS 0x000000008dc00000, 0x000000008dc00000| Complete 
| 221|0x000000008dd00000, 0x000000008de00000, 0x000000008de00000|100%| E|CS|TAMS 0x000000008dd00000, 0x000000008dd00000| Complete 
| 222|0x000000008de00000, 0x000000008df00000, 0x000000008df00000|100%| E|CS|TAMS 0x000000008de00000, 0x000000008de00000| Complete 
| 223|0x000000008df00000, 0x000000008e000000, 0x000000008e000000|100%| E|CS|TAMS 0x000000008df00000, 0x000000008df00000| Complete 
| 224|0x000000008e000000, 0x000000008e100000, 0x000000008e100000|100%| E|CS|TAMS 0x000000008e000000, 0x000000008e000000| Complete 
| 225|0x000000008e100000, 0x000000008e200000, 0x000000008e200000|100%| E|CS|TAMS 0x000000008e100000, 0x000000008e100000| Complete 
| 226|0x000000008e200000, 0x000000008e300000, 0x000000008e300000|100%| E|CS|TAMS 0x000000008e200000, 0x000000008e200000| Complete 
| 227|0x000000008e300000, 0x000000008e400000, 0x000000008e400000|100%| E|CS|TAMS 0x000000008e300000, 0x000000008e300000| Complete 
| 228|0x000000008e400000, 0x000000008e500000, 0x000000008e500000|100%| E|CS|TAMS 0x000000008e400000, 0x000000008e400000| Complete 
| 229|0x000000008e500000, 0x000000008e600000, 0x000000008e600000|100%| E|CS|TAMS 0x000000008e500000, 0x000000008e500000| Complete 
| 230|0x000000008e600000, 0x000000008e700000, 0x000000008e700000|100%| E|CS|TAMS 0x000000008e600000, 0x000000008e600000| Complete 
| 231|0x000000008e700000, 0x000000008e800000, 0x000000008e800000|100%| E|CS|TAMS 0x000000008e700000, 0x000000008e700000| Complete 
| 232|0x000000008e800000, 0x000000008e900000, 0x000000008e900000|100%| E|CS|TAMS 0x000000008e800000, 0x000000008e800000| Complete 
| 233|0x000000008e900000, 0x000000008ea00000, 0x000000008ea00000|100%| E|CS|TAMS 0x000000008e900000, 0x000000008e900000| Complete 
| 234|0x000000008ea00000, 0x000000008eb00000, 0x000000008eb00000|100%| E|CS|TAMS 0x000000008ea00000, 0x000000008ea00000| Complete 
| 235|0x000000008eb00000, 0x000000008ec00000, 0x000000008ec00000|100%| E|CS|TAMS 0x000000008eb00000, 0x000000008eb00000| Complete 
| 236|0x000000008ec00000, 0x000000008ed00000, 0x000000008ed00000|100%| E|CS|TAMS 0x000000008ec00000, 0x000000008ec00000| Complete 
| 237|0x000000008ed00000, 0x000000008ee00000, 0x000000008ee00000|100%| E|CS|TAMS 0x000000008ed00000, 0x000000008ed00000| Complete 
| 238|0x000000008ee00000, 0x000000008ef00000, 0x000000008ef00000|100%| E|CS|TAMS 0x000000008ee00000, 0x000000008ee00000| Complete 
| 239|0x000000008ef00000, 0x000000008f000000, 0x000000008f000000|100%| E|CS|TAMS 0x000000008ef00000, 0x000000008ef00000| Complete 
| 240|0x000000008f000000, 0x000000008f100000, 0x000000008f100000|100%| E|CS|TAMS 0x000000008f000000, 0x000000008f000000| Complete 
| 241|0x000000008f100000, 0x000000008f200000, 0x000000008f200000|100%| E|CS|TAMS 0x000000008f100000, 0x000000008f100000| Complete 
| 242|0x000000008f200000, 0x000000008f300000, 0x000000008f300000|100%| E|CS|TAMS 0x000000008f200000, 0x000000008f200000| Complete 
| 243|0x000000008f300000, 0x000000008f400000, 0x000000008f400000|100%| E|CS|TAMS 0x000000008f300000, 0x000000008f300000| Complete 
| 244|0x000000008f400000, 0x000000008f500000, 0x000000008f500000|100%| E|CS|TAMS 0x000000008f400000, 0x000000008f400000| Complete 
| 245|0x000000008f500000, 0x000000008f600000, 0x000000008f600000|100%| E|CS|TAMS 0x000000008f500000, 0x000000008f500000| Complete 
| 246|0x000000008f600000, 0x000000008f700000, 0x000000008f700000|100%| E|CS|TAMS 0x000000008f600000, 0x000000008f600000| Complete 
| 247|0x000000008f700000, 0x000000008f800000, 0x000000008f800000|100%| E|CS|TAMS 0x000000008f700000, 0x000000008f700000| Complete 
| 248|0x000000008f800000, 0x000000008f900000, 0x000000008f900000|100%| E|CS|TAMS 0x000000008f800000, 0x000000008f800000| Complete 
| 249|0x000000008f900000, 0x000000008fa00000, 0x000000008fa00000|100%| E|CS|TAMS 0x000000008f900000, 0x000000008f900000| Complete 
| 250|0x000000008fa00000, 0x000000008fb00000, 0x000000008fb00000|100%| E|CS|TAMS 0x000000008fa00000, 0x000000008fa00000| Complete 
| 251|0x000000008fb00000, 0x000000008fc00000, 0x000000008fc00000|100%| E|CS|TAMS 0x000000008fb00000, 0x000000008fb00000| Complete 
| 252|0x000000008fc00000, 0x000000008fd00000, 0x000000008fd00000|100%| E|CS|TAMS 0x000000008fc00000, 0x000000008fc00000| Complete 
| 253|0x000000008fd00000, 0x000000008fe00000, 0x000000008fe00000|100%| E|CS|TAMS 0x000000008fd00000, 0x000000008fd00000| Complete 

Card table byte_map: [0x0000023c5b3c0000,0x0000023c5b7c0000] _byte_map_base: 0x0000023c5afc0000

Marking Bits (Prev, Next): (CMBitMap*) 0x0000023c4608bfb8, (CMBitMap*) 0x0000023c4608bff0
 Prev Bits: [0x0000023c5bbc0000, 0x0000023c5dbc0000)
 Next Bits: [0x0000023c5dbc0000, 0x0000023c5fbc0000)

Polling page: 0x0000023c46110000

Metaspace:

Usage:
  Non-class:     36.43 MB capacity,    35.87 MB ( 98%) used,   475.68 KB (  1%) free+waste,   103.69 KB ( <1%) overhead. 
      Class:      5.64 MB capacity,     5.25 MB ( 93%) used,   357.03 KB (  6%) free+waste,    50.31 KB ( <1%) overhead. 
       Both:     42.08 MB capacity,    41.11 MB ( 98%) used,   832.71 KB (  2%) free+waste,   154.00 KB ( <1%) overhead. 

Virtual space:
  Non-class space:       38.00 MB reserved,      36.67 MB ( 97%) committed 
      Class space:        1.00 GB reserved,       5.75 MB ( <1%) committed 
             Both:        1.04 GB reserved,      42.42 MB (  4%) committed 

Chunk freelists:
   Non-Class:  52.00 KB
       Class:  13.00 KB
        Both:  65.00 KB

MaxMetaspaceSize: 17179869184.00 GB
CompressedClassSpaceSize: 1.00 GB
Initial GC threshold: 20.80 MB
Current GC threshold: 58.83 MB
CDS: off

CodeHeap 'non-profiled nmethods': size=120000Kb used=2172Kb max_used=2172Kb free=117827Kb
 bounds [0x0000023c52e00000, 0x0000023c53070000, 0x0000023c5a330000]
CodeHeap 'profiled nmethods': size=120000Kb used=7757Kb max_used=7757Kb free=112242Kb
 bounds [0x0000023c4b8d0000, 0x0000023c4c070000, 0x0000023c52e00000]
CodeHeap 'non-nmethods': size=5760Kb used=2281Kb max_used=2325Kb free=3478Kb
 bounds [0x0000023c4b330000, 0x0000023c4b5a0000, 0x0000023c4b8d0000]
 total_blobs=4488 nmethods=3712 adapters=687
 compilation: enabled
              stopped_count=0, restarted_count=0
 full_count=0

Compilation events (20 events):
Event: 6.995 Thread 0x0000023c631bc000 3681       3       org.gradle.internal.instantiation.generator.AbstractClassGenerator$MethodMetadata::isAbstract (11 bytes)
Event: 6.995 Thread 0x0000023c6554c800 nmethod 3686 0x0000023c53010090 code [0x0000023c53010220, 0x0000023c53010278]
Event: 6.995 Thread 0x0000023c6554c800 3687       4       org.objectweb.asm.Frame::execute (2318 bytes)
Event: 6.995 Thread 0x0000023c631bc000 nmethod 3681 0x0000023c4c053210 code [0x0000023c4c0533c0, 0x0000023c4c053598]
Event: 6.995 Thread 0x0000023c631bc000 3682       1       com.google.common.collect.LinkedHashMultimap$ValueEntry::setSuccessorInValueSet (6 bytes)
Event: 6.996 Thread 0x0000023c631bc000 nmethod 3682 0x0000023c53010390 code [0x0000023c53010540, 0x0000023c53010638]
Event: 6.996 Thread 0x0000023c631bc000 3683       1       com.google.common.collect.LinkedHashMultimap$ValueEntry::setPredecessorInValueSet (6 bytes)
Event: 6.996 Thread 0x0000023c631bc000 nmethod 3683 0x0000023c53010690 code [0x0000023c53010840, 0x0000023c53010938]
Event: 6.996 Thread 0x0000023c631bc000 3684       1       com.google.common.collect.LinkedHashMultimap$ValueSet::setPredecessorInValueSet (6 bytes)
Event: 6.996 Thread 0x0000023c631bc000 nmethod 3684 0x0000023c53010990 code [0x0000023c53010b40, 0x0000023c53010c38]
Event: 6.996 Thread 0x0000023c631bc000 3685       1       com.google.common.collect.LinkedHashMultimap$ValueEntry::getPredecessorInMultimap (5 bytes)
Event: 6.996 Thread 0x0000023c631bc000 nmethod 3685 0x0000023c53010c90 code [0x0000023c53010e40, 0x0000023c53010ef8]
Event: 6.996 Thread 0x0000023c631bc000 3691       2       java.util.WeakHashMap::put (162 bytes)
Event: 6.997 Thread 0x0000023c631bc000 nmethod 3691 0x0000023c4c053690 code [0x0000023c4c0538a0, 0x0000023c4c053f78]
Event: 6.998 Thread 0x0000023c631bc000 3692       3       org.gradle.internal.service.DefaultServiceRegistry$OwnServices::getAll (46 bytes)
Event: 6.998 Thread 0x0000023c631bc000 nmethod 3692 0x0000023c4c054210 code [0x0000023c4c054440, 0x0000023c4c054ce8]
Event: 6.999 Thread 0x0000023c631bc000 3693       3       org.gradle.internal.service.DefaultServiceRegistry$InstanceUnpackingVisitor::visit (39 bytes)
Event: 6.999 Thread 0x0000023c631bc000 nmethod 3693 0x0000023c4c054f90 code [0x0000023c4c0551a0, 0x0000023c4c055748]
Event: 7.005 Thread 0x0000023c631bc000 3694       3       java.lang.invoke.VarHandleGuards::guard_LI_V (103 bytes)
Event: 7.007 Thread 0x0000023c631bc000 nmethod 3694 0x0000023c4c055990 code [0x0000023c4c055d00, 0x0000023c4c0577a8]

GC Heap History (8 events):
Event: 1.373 GC heap before
{Heap before GC invocations=0 (full 0):
 garbage-first heap   total 260096K, used 29696K [0x0000000080000000, 0x0000000100000000)
  region size 1024K, 24 young (24576K), 0 survivors (0K)
 Metaspace       used 10122K, capacity 10331K, committed 10624K, reserved 1058816K
  class space    used 1031K, capacity 1106K, committed 1152K, reserved 1048576K
}
Event: 1.377 GC heap after
{Heap after GC invocations=1 (full 0):
 garbage-first heap   total 260096K, used 9300K [0x0000000080000000, 0x0000000100000000)
  region size 1024K, 3 young (3072K), 3 survivors (3072K)
 Metaspace       used 10122K, capacity 10331K, committed 10624K, reserved 1058816K
  class space    used 1031K, capacity 1106K, committed 1152K, reserved 1048576K
}
Event: 4.494 GC heap before
{Heap before GC invocations=1 (full 0):
 garbage-first heap   total 260096K, used 108628K [0x0000000080000000, 0x0000000100000000)
  region size 1024K, 100 young (102400K), 3 survivors (3072K)
 Metaspace       used 20773K, capacity 21155K, committed 21296K, reserved 1069056K
  class space    used 2522K, capacity 2653K, committed 2688K, reserved 1048576K
}
Event: 4.504 GC heap after
{Heap after GC invocations=2 (full 0):
 garbage-first heap   total 260096K, used 16647K [0x0000000080000000, 0x0000000100000000)
  region size 1024K, 11 young (11264K), 11 survivors (11264K)
 Metaspace       used 20773K, capacity 21155K, committed 21296K, reserved 1069056K
  class space    used 2522K, capacity 2653K, committed 2688K, reserved 1048576K
}
Event: 4.697 GC heap before
{Heap before GC invocations=3 (full 0):
 garbage-first heap   total 260096K, used 40199K [0x0000000080000000, 0x0000000100000000)
  region size 1024K, 35 young (35840K), 11 survivors (11264K)
 Metaspace       used 22879K, capacity 23442K, committed 23600K, reserved 1069056K
  class space    used 2890K, capacity 3103K, committed 3200K, reserved 1048576K
}
Event: 4.701 GC heap after
{Heap after GC invocations=4 (full 0):
 garbage-first heap   total 260096K, used 17949K [0x0000000080000000, 0x0000000100000000)
  region size 1024K, 2 young (2048K), 2 survivors (2048K)
 Metaspace       used 22879K, capacity 23442K, committed 23600K, reserved 1069056K
  class space    used 2890K, capacity 3103K, committed 3200K, reserved 1048576K
}
Event: 6.059 GC heap before
{Heap before GC invocations=4 (full 0):
 garbage-first heap   total 260096K, used 116253K [0x0000000080000000, 0x0000000100000000)
  region size 1024K, 99 young (101376K), 2 survivors (2048K)
 Metaspace       used 34866K, capacity 35724K, committed 35888K, reserved 1081344K
  class space    used 4557K, capacity 4889K, committed 4992K, reserved 1048576K
}
Event: 6.068 GC heap after
{Heap after GC invocations=5 (full 0):
 garbage-first heap   total 260096K, used 22214K [0x0000000080000000, 0x0000000100000000)
  region size 1024K, 6 young (6144K), 6 survivors (6144K)
 Metaspace       used 34866K, capacity 35724K, committed 35888K, reserved 1081344K
  class space    used 4557K, capacity 4889K, committed 4992K, reserved 1048576K
}

Deoptimization events (20 events):
Event: 6.774 Thread 0x0000023c6332d000 Uncommon trap: trap_request=0xffffffde fr.pc=0x0000023c52f63ba8 relative=0x00000000000009c8
Event: 6.775 Thread 0x0000023c6332d000 Uncommon trap: reason=class_check action=maybe_recompile pc=0x0000023c52f63ba8 method=java.util.WeakHashMap.eq(Ljava/lang/Object;Ljava/lang/Object;)Z @ 7 c2
Event: 6.775 Thread 0x0000023c6332d000 DEOPT PACKING pc=0x0000023c52f63ba8 sp=0x00000062615f3050
Event: 6.775 Thread 0x0000023c6332d000 DEOPT UNPACKING pc=0x0000023c4b37a1af sp=0x00000062615f2fc0 mode 2
Event: 6.887 Thread 0x0000023c661ff000 DEOPT PACKING pc=0x0000023c4bf79574 sp=0x0000006262ffe590
Event: 6.887 Thread 0x0000023c661ff000 DEOPT UNPACKING pc=0x0000023c4b37a95e sp=0x0000006262ffdb30 mode 0
Event: 6.907 Thread 0x0000023c6332d000 Uncommon trap: trap_request=0xffffffde fr.pc=0x0000023c52f63ba8 relative=0x00000000000009c8
Event: 6.907 Thread 0x0000023c6332d000 Uncommon trap: reason=class_check action=maybe_recompile pc=0x0000023c52f63ba8 method=java.util.WeakHashMap.eq(Ljava/lang/Object;Ljava/lang/Object;)Z @ 7 c2
Event: 6.907 Thread 0x0000023c6332d000 DEOPT PACKING pc=0x0000023c52f63ba8 sp=0x00000062615f5ac0
Event: 6.907 Thread 0x0000023c6332d000 DEOPT UNPACKING pc=0x0000023c4b37a1af sp=0x00000062615f5a30 mode 2
Event: 6.918 Thread 0x0000023c6332d000 Uncommon trap: trap_request=0xffffffde fr.pc=0x0000023c52f63ba8 relative=0x00000000000009c8
Event: 6.918 Thread 0x0000023c6332d000 Uncommon trap: reason=class_check action=maybe_recompile pc=0x0000023c52f63ba8 method=java.util.WeakHashMap.eq(Ljava/lang/Object;Ljava/lang/Object;)Z @ 7 c2
Event: 6.918 Thread 0x0000023c6332d000 DEOPT PACKING pc=0x0000023c52f63ba8 sp=0x00000062615f5510
Event: 6.918 Thread 0x0000023c6332d000 DEOPT UNPACKING pc=0x0000023c4b37a1af sp=0x00000062615f5480 mode 2
Event: 6.933 Thread 0x0000023c6332d000 Uncommon trap: trap_request=0xffffff4d fr.pc=0x0000023c52f7f6b0 relative=0x0000000000000110
Event: 6.933 Thread 0x0000023c6332d000 Uncommon trap: reason=unstable_if action=reinterpret pc=0x0000023c52f7f6b0 method=java.util.Arrays.hashCode([Ljava/lang/Object;)I @ 34 c2
Event: 6.933 Thread 0x0000023c6332d000 DEOPT PACKING pc=0x0000023c52f7f6b0 sp=0x00000062615f8bd0
Event: 6.933 Thread 0x0000023c6332d000 DEOPT UNPACKING pc=0x0000023c4b37a1af sp=0x00000062615f8b48 mode 2
Event: 6.947 Thread 0x0000023c6332d000 DEOPT PACKING pc=0x0000023c4b98a09b sp=0x00000062615f51a0
Event: 6.947 Thread 0x0000023c6332d000 DEOPT UNPACKING pc=0x0000023c4b37a95e sp=0x00000062615f46e0 mode 0

Classes redefined (0 events):
No events

Internal exceptions (20 events):
Event: 6.882 Thread 0x0000023c6332d000 Exception <a 'java/lang/NoSuchMethodError'{0x000000008bd8c8b8}: 'void java.lang.invoke.DirectMethodHandle$Holder.invokeInterface(java.lang.Object, java.lang.Object)'> (0x000000008bd8c8b8) thrown at [src/hotspot/share/interpreter/linkResolver.cpp, line 773]
Event: 6.892 Thread 0x0000023c6332d000 Exception <a 'java/lang/ClassNotFoundException'{0x000000008bc82748}: settings_elj26cbyi7azf75ensid31kuBeanInfo> (0x000000008bc82748) thrown at [src/hotspot/share/classfile/systemDictionary.cpp, line 230]
Event: 6.892 Thread 0x0000023c6332d000 Exception <a 'java/lang/ClassNotFoundException'{0x000000008bc8e278}: settings_elj26cbyi7azf75ensid31kuCustomizer> (0x000000008bc8e278) thrown at [src/hotspot/share/classfile/systemDictionary.cpp, line 230]
Event: 6.898 Thread 0x0000023c6332d000 Exception <a 'java/lang/ClassNotFoundException'{0x000000008bb27868}: org/gradle/internal/management/DefaultDependencyResolutionManagement_DecoratedBeanInfo> (0x000000008bb27868) thrown at [src/hotspot/share/classfile/systemDictionary.cpp, line 230]
Event: 6.898 Thread 0x0000023c6332d000 Exception <a 'java/lang/ClassNotFoundException'{0x000000008bb63088}: org/gradle/internal/management/DefaultDependencyResolutionManagementBeanInfo> (0x000000008bb63088) thrown at [src/hotspot/share/classfile/systemDictionary.cpp, line 230]
Event: 6.899 Thread 0x0000023c6332d000 Exception <a 'java/lang/ClassNotFoundException'{0x000000008bb9ecd8}: org/gradle/internal/management/DefaultDependencyResolutionManagementCustomizer> (0x000000008bb9ecd8) thrown at [src/hotspot/share/classfile/systemDictionary.cpp, line 230]
Event: 6.900 Thread 0x0000023c6332d000 Exception <a 'java/lang/ClassNotFoundException'{0x000000008bbefd90}: org/gradle/internal/management/DefaultDependencyResolutionManagement_DecoratedCustomizer> (0x000000008bbefd90) thrown at [src/hotspot/share/classfile/systemDictionary.cpp, line 230]
Event: 6.905 Thread 0x0000023c6332d000 Exception <a 'java/lang/ClassNotFoundException'{0x000000008ba7e310}: org/gradle/api/initialization/resolve/RepositoriesModeBeanInfo> (0x000000008ba7e310) thrown at [src/hotspot/share/classfile/systemDictionary.cpp, line 230]
Event: 6.906 Thread 0x0000023c6332d000 Exception <a 'java/lang/ClassNotFoundException'{0x000000008ba83520}: java/lang/EnumBeanInfo> (0x000000008ba83520) thrown at [src/hotspot/share/classfile/systemDictionary.cpp, line 230]
Event: 6.906 Thread 0x0000023c6332d000 Exception <a 'java/lang/ClassNotFoundException'{0x000000008ba88408}: java/lang/EnumCustomizer> (0x000000008ba88408) thrown at [src/hotspot/share/classfile/systemDictionary.cpp, line 230]
Event: 6.908 Thread 0x0000023c6332d000 Exception <a 'java/lang/ClassNotFoundException'{0x000000008bab7df8}: org/gradle/api/initialization/resolve/RepositoriesModeCustomizer> (0x000000008bab7df8) thrown at [src/hotspot/share/classfile/systemDictionary.cpp, line 230]
Event: 6.916 Thread 0x0000023c6332d000 Exception <a 'java/lang/ClassNotFoundException'{0x000000008b945a70}: org/gradle/api/internal/provider/DefaultPropertyBeanInfo> (0x000000008b945a70) thrown at [src/hotspot/share/classfile/systemDictionary.cpp, line 230]
Event: 6.917 Thread 0x0000023c6332d000 Exception <a 'java/lang/ClassNotFoundException'{0x000000008b96cc88}: org/gradle/api/internal/provider/AbstractPropertyBeanInfo> (0x000000008b96cc88) thrown at [src/hotspot/share/classfile/systemDictionary.cpp, line 230]
Event: 6.917 Thread 0x0000023c6332d000 Exception <a 'java/lang/ClassNotFoundException'{0x000000008b996bd0}: org/gradle/api/internal/provider/AbstractMinimalProviderBeanInfo> (0x000000008b996bd0) thrown at [src/hotspot/share/classfile/systemDictionary.cpp, line 230]
Event: 6.918 Thread 0x0000023c6332d000 Exception <a 'java/lang/ClassNotFoundException'{0x000000008b9c0bd8}: org/gradle/api/internal/provider/AbstractMinimalProviderCustomizer> (0x000000008b9c0bd8) thrown at [src/hotspot/share/classfile/systemDictionary.cpp, line 230]
Event: 6.920 Thread 0x0000023c6332d000 Exception <a 'java/lang/ClassNotFoundException'{0x000000008b8246f0}: org/gradle/api/internal/provider/AbstractPropertyCustomizer> (0x000000008b8246f0) thrown at [src/hotspot/share/classfile/systemDictionary.cpp, line 230]
Event: 6.923 Thread 0x0000023c6332d000 Exception <a 'java/lang/ClassNotFoundException'{0x000000008b858020}: org/gradle/api/internal/provider/DefaultPropertyCustomizer> (0x000000008b858020) thrown at [src/hotspot/share/classfile/systemDictionary.cpp, line 230]
Event: 6.931 Thread 0x0000023c6332d000 Exception <a 'java/lang/ClassNotFoundException'{0x000000008b8ecfe0}: org/gradle/initialization/DefaultProjectDescriptorBeanInfo> (0x000000008b8ecfe0) thrown at [src/hotspot/share/classfile/systemDictionary.cpp, line 230]
Event: 6.931 Thread 0x0000023c6332d000 Exception <a 'java/lang/ClassNotFoundException'{0x000000008b7143d0}: org/gradle/initialization/DefaultProjectDescriptorCustomizer> (0x000000008b7143d0) thrown at [src/hotspot/share/classfile/systemDictionary.cpp, line 230]
Event: 6.933 Thread 0x0000023c6332d000 Implicit null exception at 0x0000023c52f7f5ec to 0x0000023c52f7f694

Events (20 events):
Event: 7.015 loading class org/gradle/internal/snapshot/impl/DefaultSnapshottingService
Event: 7.015 loading class org/gradle/internal/snapshot/impl/DefaultSnapshottingService done
Event: 7.015 loading class org/gradle/internal/snapshot/SnapshottingService
Event: 7.015 loading class org/gradle/internal/snapshot/SnapshottingService done
Event: 7.015 loading class org/gradle/internal/snapshot/Snapshot
Event: 7.015 loading class org/gradle/internal/snapshot/Snapshot done
Event: 7.016 loading class org/gradle/plugins/ide/internal/DefaultIdeArtifactRegistry
Event: 7.016 loading class org/gradle/plugins/ide/internal/DefaultIdeArtifactRegistry done
Event: 7.016 loading class org/gradle/plugins/ide/internal/IdeArtifactRegistry
Event: 7.016 loading class org/gradle/plugins/ide/internal/IdeArtifactRegistry done
Event: 7.016 loading class org/gradle/language/nativeplatform/internal/incremental/DefaultIncrementalCompilerBuilder
Event: 7.016 loading class org/gradle/language/nativeplatform/internal/incremental/DefaultIncrementalCompilerBuilder done
Event: 7.017 loading class org/gradle/language/nativeplatform/internal/incremental/IncrementalCompilerBuilder
Event: 7.017 loading class org/gradle/language/nativeplatform/internal/incremental/IncrementalCompilerBuilder done
Event: 7.017 loading class org/gradle/language/nativeplatform/internal/incremental/IncrementalCompilerBuilder$IncrementalCompiler
Event: 7.017 loading class org/gradle/language/nativeplatform/internal/incremental/IncrementalCompilerBuilder$IncrementalCompiler done
Event: 7.018 loading class org/gradle/language/nativeplatform/internal/toolchains/DefaultToolChainSelector
Event: 7.018 loading class org/gradle/language/nativeplatform/internal/toolchains/DefaultToolChainSelector done
Event: 7.019 loading class org/gradle/language/nativeplatform/internal/toolchains/ToolChainSelector
Event: 7.019 loading class org/gradle/language/nativeplatform/internal/toolchains/ToolChainSelector done


Dynamic libraries:
0x00007ff64be90000 - 0x00007ff64be9a000 	C:\Program Files\Android\Android Studio\jbr\bin\java.exe
0x00007ffe46390000 - 0x00007ffe465a4000 	C:\WINDOWS\SYSTEM32\ntdll.dll
0x00007ffe2daa0000 - 0x00007ffe2dab9000 	C:\Program Files\AVAST Software\Avast\aswhook.dll
0x00007ffe45690000 - 0x00007ffe45752000 	C:\WINDOWS\System32\KERNEL32.DLL
0x00007ffe43d20000 - 0x00007ffe440c3000 	C:\WINDOWS\System32\KERNELBASE.dll
0x00007ffe43b90000 - 0x00007ffe43ca1000 	C:\WINDOWS\System32\ucrtbase.dll
0x00007ffe3e8d0000 - 0x00007ffe3e8e7000 	C:\Program Files\Android\Android Studio\jbr\bin\jli.dll
0x00007ffe2ac50000 - 0x00007ffe2ac6b000 	C:\Program Files\Android\Android Studio\jbr\bin\VCRUNTIME140.dll
0x00007ffe46070000 - 0x00007ffe4621b000 	C:\WINDOWS\System32\USER32.dll
0x00007ffe43850000 - 0x00007ffe43876000 	C:\WINDOWS\System32\win32u.dll
0x00007ffe2a680000 - 0x00007ffe2a90e000 	C:\WINDOWS\WinSxS\amd64_microsoft.windows.common-controls_6595b64144ccf1df_6.0.22621.1635_none_270f70857386168e\COMCTL32.dll
0x00007ffe45760000 - 0x00007ffe45807000 	C:\WINDOWS\System32\msvcrt.dll
0x00007ffe45ce0000 - 0x00007ffe45d09000 	C:\WINDOWS\System32\GDI32.dll
0x00007ffe43880000 - 0x00007ffe43998000 	C:\WINDOWS\System32\gdi32full.dll
0x00007ffe437b0000 - 0x00007ffe4384a000 	C:\WINDOWS\System32\msvcp_win.dll
0x00007ffe450a0000 - 0x00007ffe450d1000 	C:\WINDOWS\System32\IMM32.DLL
0x00007ffe3da20000 - 0x00007ffe3da2c000 	C:\Program Files\Android\Android Studio\jbr\bin\vcruntime140_1.dll
0x00007ffe1a530000 - 0x00007ffe1a5bd000 	C:\Program Files\Android\Android Studio\jbr\bin\msvcp140.dll
0x00007ffd79560000 - 0x00007ffd7a11c000 	C:\Program Files\Android\Android Studio\jbr\bin\server\jvm.dll
0x00007ffe45810000 - 0x00007ffe458be000 	C:\WINDOWS\System32\ADVAPI32.dll
0x00007ffe46280000 - 0x00007ffe46324000 	C:\WINDOWS\System32\sechost.dll
0x00007ffe44bf0000 - 0x00007ffe44d07000 	C:\WINDOWS\System32\RPCRT4.dll
0x00007ffe46060000 - 0x00007ffe46068000 	C:\WINDOWS\System32\PSAPI.DLL
0x00007ffe3c810000 - 0x00007ffe3c844000 	C:\WINDOWS\SYSTEM32\WINMM.dll
0x00007ffe2e880000 - 0x00007ffe2e889000 	C:\WINDOWS\SYSTEM32\WSOCK32.dll
0x00007ffe3c870000 - 0x00007ffe3c87a000 	C:\WINDOWS\SYSTEM32\VERSION.dll
0x00007ffe45d10000 - 0x00007ffe45d81000 	C:\WINDOWS\System32\WS2_32.dll
0x00007ffe428b0000 - 0x00007ffe428c8000 	C:\WINDOWS\SYSTEM32\kernel.appcore.dll
0x00007ffe40780000 - 0x00007ffe40790000 	C:\Program Files\Android\Android Studio\jbr\bin\verify.dll
0x00007ffe413e0000 - 0x00007ffe4160e000 	C:\WINDOWS\SYSTEM32\DBGHELP.DLL
0x00007ffe44d10000 - 0x00007ffe45099000 	C:\WINDOWS\System32\combase.dll
0x00007ffe442b0000 - 0x00007ffe44387000 	C:\WINDOWS\System32\OLEAUT32.dll
0x00007ffe37510000 - 0x00007ffe37542000 	C:\WINDOWS\SYSTEM32\dbgcore.DLL
0x00007ffe439a0000 - 0x00007ffe43a1b000 	C:\WINDOWS\System32\bcryptPrimitives.dll
0x00007ffe25550000 - 0x00007ffe25578000 	C:\Program Files\Android\Android Studio\jbr\bin\java.dll
0x00007ffe3ea60000 - 0x00007ffe3ea6a000 	C:\Program Files\Android\Android Studio\jbr\bin\jimage.dll
0x00007ffe3d1c0000 - 0x00007ffe3d1d8000 	C:\Program Files\Android\Android Studio\jbr\bin\zip.dll
0x00007ffe443f0000 - 0x00007ffe44bea000 	C:\WINDOWS\System32\SHELL32.dll
0x00007ffe41760000 - 0x00007ffe4202e000 	C:\WINDOWS\SYSTEM32\windows.storage.dll
0x00007ffe41620000 - 0x00007ffe4175e000 	C:\WINDOWS\SYSTEM32\wintypes.dll
0x00007ffe450e0000 - 0x00007ffe451d1000 	C:\WINDOWS\System32\SHCORE.dll
0x00007ffe45c30000 - 0x00007ffe45c8e000 	C:\WINDOWS\System32\shlwapi.dll
0x00007ffe436e0000 - 0x00007ffe43701000 	C:\WINDOWS\SYSTEM32\profapi.dll
0x00007ffe25640000 - 0x00007ffe25659000 	C:\Program Files\Android\Android Studio\jbr\bin\net.dll
0x00007ffe3c2d0000 - 0x00007ffe3c407000 	C:\WINDOWS\SYSTEM32\WINHTTP.dll
0x00007ffe42d10000 - 0x00007ffe42d79000 	C:\WINDOWS\system32\mswsock.dll
0x00007ffe252f0000 - 0x00007ffe25303000 	C:\Program Files\Android\Android Studio\jbr\bin\nio.dll
0x00007ffe2ca50000 - 0x00007ffe2ca77000 	C:\Users\gael-\.gradle\native\e1d6ef7f7dcc3fd88c89a11ec53ec762bb8ba0a96d01ffa2cd45eb1d1d8dd5c5\windows-amd64\native-platform.dll
0x00007ffe198d0000 - 0x00007ffe19a14000 	C:\Users\gael-\.gradle\native\0d407fdbe67a94daf76414ababcb853783967236a71b16ec16e742cd7a986fd3\windows-amd64\native-platform-file-events.dll
0x00007ffe3e8c0000 - 0x00007ffe3e8ca000 	C:\Program Files\Android\Android Studio\jbr\bin\management.dll
0x00007ffe3c8e0000 - 0x00007ffe3c8eb000 	C:\Program Files\Android\Android Studio\jbr\bin\management_ext.dll
0x00007ffe42fb0000 - 0x00007ffe42fcb000 	C:\WINDOWS\SYSTEM32\CRYPTSP.dll
0x00007ffe42820000 - 0x00007ffe42855000 	C:\WINDOWS\system32\rsaenh.dll
0x00007ffe42db0000 - 0x00007ffe42dd8000 	C:\WINDOWS\SYSTEM32\USERENV.dll
0x00007ffe43160000 - 0x00007ffe43188000 	C:\WINDOWS\SYSTEM32\bcrypt.dll
0x00007ffe42f20000 - 0x00007ffe42f2c000 	C:\WINDOWS\SYSTEM32\CRYPTBASE.dll
0x00007ffe42350000 - 0x00007ffe4237d000 	C:\WINDOWS\SYSTEM32\IPHLPAPI.DLL
0x00007ffe45680000 - 0x00007ffe45689000 	C:\WINDOWS\System32\NSI.dll
0x00007ffe3c850000 - 0x00007ffe3c869000 	C:\WINDOWS\SYSTEM32\dhcpcsvc6.DLL
0x00007ffe3c7f0000 - 0x00007ffe3c80f000 	C:\WINDOWS\SYSTEM32\dhcpcsvc.DLL
0x00007ffe42380000 - 0x00007ffe42473000 	C:\WINDOWS\SYSTEM32\DNSAPI.dll

dbghelp: loaded successfully - version: 4.0.5 - missing functions: none
symbol engine: initialized successfully - sym options: 0x614 - pdb path: .;C:\Program Files\Android\Android Studio\jbr\bin;C:\WINDOWS\SYSTEM32;C:\Program Files\AVAST Software\Avast;C:\WINDOWS\WinSxS\amd64_microsoft.windows.common-controls_6595b64144ccf1df_6.0.22621.1635_none_270f70857386168e;C:\Program Files\Android\Android Studio\jbr\bin\server;C:\Users\gael-\.gradle\native\e1d6ef7f7dcc3fd88c89a11ec53ec762bb8ba0a96d01ffa2cd45eb1d1d8dd5c5\windows-amd64;C:\Users\gael-\.gradle\native\0d407fdbe67a94daf76414ababcb853783967236a71b16ec16e742cd7a986fd3\windows-amd64

VM Arguments:
jvm_args: --add-opens=java.base/java.util=ALL-UNNAMED --add-opens=java.base/java.lang=ALL-UNNAMED --add-opens=java.base/java.lang.invoke=ALL-UNNAMED --add-opens=java.base/java.util=ALL-UNNAMED --add-opens=java.prefs/java.util.prefs=ALL-UNNAMED --add-opens=java.prefs/java.util.prefs=ALL-UNNAMED --add-opens=java.base/java.nio.charset=ALL-UNNAMED --add-opens=java.base/java.net=ALL-UNNAMED --add-opens=java.base/java.util.concurrent.atomic=ALL-UNNAMED -Xmx2048m -Dfile.encoding=UTF-8 -Duser.country=FR -Duser.language=fr -Duser.variant 
java_command: org.gradle.launcher.daemon.bootstrap.GradleDaemon 7.5
java_class_path (initial): C:\Users\gael-\.gradle\wrapper\dists\gradle-7.5-bin\f1w0cc9nuo0eivz97x2xlu9sv\gradle-7.5\lib\gradle-launcher-7.5.jar
Launcher Type: SUN_STANDARD

[Global flags]
     intx CICompilerCount                          = 4                                         {product} {ergonomic}
     uint ConcGCThreads                            = 3                                         {product} {ergonomic}
     uint G1ConcRefinementThreads                  = 10                                        {product} {ergonomic}
   size_t G1HeapRegionSize                         = 1048576                                   {product} {ergonomic}
    uintx GCDrainStackTargetSize                   = 64                                        {product} {ergonomic}
   size_t InitialHeapSize                          = 266338304                                 {product} {ergonomic}
   size_t MarkStackSize                            = 4194304                                   {product} {ergonomic}
   size_t MaxHeapSize                              = 2147483648                                {product} {command line}
   size_t MaxNewSize                               = 1287651328                                {product} {ergonomic}
   size_t MinHeapDeltaBytes                        = 1048576                                   {product} {ergonomic}
    uintx NonNMethodCodeHeapSize                   = 5836300                                {pd product} {ergonomic}
    uintx NonProfiledCodeHeapSize                  = 122910970                              {pd product} {ergonomic}
    uintx ProfiledCodeHeapSize                     = 122910970                              {pd product} {ergonomic}
    uintx ReservedCodeCacheSize                    = 251658240                              {pd product} {ergonomic}
     bool SegmentedCodeCache                       = true                                      {product} {ergonomic}
     bool UseCompressedClassPointers               = true                                 {lp64_product} {ergonomic}
     bool UseCompressedOops                        = true                                 {lp64_product} {ergonomic}
     bool UseG1GC                                  = true                                      {product} {ergonomic}
     bool UseLargePagesIndividualAllocation        = false                                  {pd product} {ergonomic}

Logging:
Log output configuration:
 #0: stdout all=warning uptime,level,tags
 #1: stderr all=off uptime,level,tags

Environment Variables:
PATH=C:\Program Files (x86)\Common Files\Oracle\Java\javapath;C:\Program Files (x86)\Intel\Intel(R) Management Engine Components\iCLS\;C:\Program Files\Intel\Intel(R) Management Engine Components\iCLS\;C:\Windows\system32;C:\Windows;C:\Windows\System32\Wbem;C:\Windows\System32\WindowsPowerShell\v1.0\;C:\Windows\System32\OpenSSH\;C:\Program Files (x86)\Intel\Intel(R) Management Engine Components\DAL;C:\Program Files\Intel\Intel(R) Management Engine Components\DAL;C:\Program Files (x86)\Intel\Intel(R) Management Engine Components\IPT;C:\Program Files\Intel\Intel(R) Management Engine Components\IPT;C:\Program Files\Intel\WiFi\bin\;C:\Program Files\Common Files\Intel\WirelessCommon\;C:\Program Files\NVIDIA Corporation\NVIDIA NvDLISR;C:\WINDOWS\system32;C:\WINDOWS;C:\WINDOWS\System32\Wbem;C:\WINDOWS\System32\WindowsPowerShell\v1.0\;C:\WINDOWS\System32\OpenSSH\;C:\Program Files (x86)\Windows Kits\8.1\Windows Performance Toolkit\;C:\Program Files (x86)\IVI Foundation\VISA\WinNT\Bin\;C:\Program Files\IVI Foundation\VISA\Win64\Bin\;C:\MinGW-w64\mingw32\bin;C:\Program Files\dotnet\;C:\Program Files\MATLAB\R2022b\bin;C:\Program Files\Git\cmd;"C:\Users\gael-\AppData\Local\Microsoft\WindowsApps;C:\MinGW-w64\mingw32\bin";;C:\Users\gael-\AppData\Local\Microsoft\WindowsApps
USERNAME=gael-
OS=Windows_NT
PROCESSOR_IDENTIFIER=Intel64 Family 6 Model 158 Stepping 10, GenuineIntel



---------------  S Y S T E M  ---------------

OS: Windows 11 , 64 bit Build 22621 (10.0.22621.1635)
OS uptime: 0 days 2:30 hours
Hyper-V role detected

CPU:total 12 (initial active 12) (6 cores per cpu, 2 threads per core) family 6 model 158 stepping 10 microcode 0xde, cmov, cx8, fxsr, mmx, sse, sse2, sse3, ssse3, sse4.1, sse4.2, popcnt, avx, avx2, aes, clmul, erms, 3dnowpref, lzcnt, ht, tsc, tscinvbit, bmi1, bmi2, adx, fma

Memory: 4k page, system-wide physical 16230M (2333M free)
TotalPageFile size 18278M (AvailPageFile size 7M)
current process WorkingSet (physical memory assigned to process): 297M, peak: 302M
current process commit charge ("private bytes"): 460M, peak: 466M

vm_info: OpenJDK 64-Bit Server VM (11.0.15+0-b2043.56-9505619) for windows-amd64 JRE (11.0.15+0-b2043.56-9505619), built on Jan 19 2023 02:48:00 by "builduser" with unknown MS VC++:1929

END.
